<?xml version="1.0" encoding="UTF-8"?>
<testsuite name="com.jojoldu.book.springboot.web.HelloControllerTest" tests="2" skipped="0" failures="0" errors="0" timestamp="2021-07-07T08:07:53" hostname="DESKTOP-G2NL9EB" time="0.148">
  <properties/>
  <testcase name="hello가_리턴된다()" classname="com.jojoldu.book.springboot.web.HelloControllerTest" time="0.041"/>
  <testcase name="helloDto가_리턴된다()" classname="com.jojoldu.book.springboot.web.HelloControllerTest" time="0.105"/>
  <system-out><![CDATA[2021-07-07 17:07:52.011  INFO 4060 --- [    Test worker] .b.t.a.w.s.WebMvcTestContextBootstrapper : Neither @ContextConfiguration nor @ContextHierarchy found for test class [com.jojoldu.book.springboot.web.HelloControllerTest], using SpringBootContextLoader
2021-07-07 17:07:52.013  INFO 4060 --- [    Test worker] o.s.t.c.support.AbstractContextLoader    : Could not detect default resource locations for test class [com.jojoldu.book.springboot.web.HelloControllerTest]: no resource found for suffixes {-context.xml, Context.groovy}.
2021-07-07 17:07:52.013  INFO 4060 --- [    Test worker] t.c.s.AnnotationConfigContextLoaderUtils : Could not detect default configuration classes for test class [com.jojoldu.book.springboot.web.HelloControllerTest]: HelloControllerTest does not declare any static, non-private, non-final, nested classes annotated with @Configuration.
2021-07-07 17:07:52.030  INFO 4060 --- [    Test worker] .b.t.c.SpringBootTestContextBootstrapper : Found @SpringBootConfiguration com.jojoldu.book.springboot.Application for test class com.jojoldu.book.springboot.web.HelloControllerTest
2021-07-07 17:07:52.031  INFO 4060 --- [    Test worker] .b.t.a.w.s.WebMvcTestContextBootstrapper : Loaded default TestExecutionListener class names from location [META-INF/spring.factories]: [org.springframework.security.test.context.support.WithSecurityContextTestExecutionListener, org.springframework.security.test.context.support.ReactorContextTestExecutionListener, org.springframework.boot.test.autoconfigure.restdocs.RestDocsTestExecutionListener, org.springframework.boot.test.autoconfigure.web.client.MockRestServiceServerResetTestExecutionListener, org.springframework.boot.test.autoconfigure.web.servlet.MockMvcPrintOnlyOnFailureTestExecutionListener, org.springframework.boot.test.autoconfigure.web.servlet.WebDriverTestExecutionListener, org.springframework.boot.test.autoconfigure.webservices.client.MockWebServiceServerTestExecutionListener, org.springframework.boot.test.mock.mockito.MockitoTestExecutionListener, org.springframework.boot.test.mock.mockito.ResetMocksTestExecutionListener, org.springframework.test.context.web.ServletTestExecutionListener, org.springframework.test.context.support.DirtiesContextBeforeModesTestExecutionListener, org.springframework.test.context.support.DependencyInjectionTestExecutionListener, org.springframework.test.context.support.DirtiesContextTestExecutionListener, org.springframework.test.context.transaction.TransactionalTestExecutionListener, org.springframework.test.context.jdbc.SqlScriptsTestExecutionListener, org.springframework.test.context.event.EventPublishingTestExecutionListener]
2021-07-07 17:07:52.032  INFO 4060 --- [    Test worker] .b.t.a.w.s.WebMvcTestContextBootstrapper : Using TestExecutionListeners: [org.springframework.test.context.web.ServletTestExecutionListener@11a49845, org.springframework.test.context.support.DirtiesContextBeforeModesTestExecutionListener@1eb01317, org.springframework.boot.test.mock.mockito.MockitoTestExecutionListener@20086ed7, org.springframework.boot.test.autoconfigure.SpringBootDependencyInjectionTestExecutionListener@2c570709, org.springframework.test.context.support.DirtiesContextTestExecutionListener@1984c476, org.springframework.test.context.transaction.TransactionalTestExecutionListener@7b244fa, org.springframework.test.context.jdbc.SqlScriptsTestExecutionListener@642fec0d, org.springframework.security.test.context.support.WithSecurityContextTestExecutionListener@7054d0ce, org.springframework.test.context.event.EventPublishingTestExecutionListener@4fcc1dc6, org.springframework.security.test.context.support.ReactorContextTestExecutionListener@5acc0551, org.springframework.boot.test.autoconfigure.restdocs.RestDocsTestExecutionListener@4118c581, org.springframework.boot.test.autoconfigure.web.client.MockRestServiceServerResetTestExecutionListener@179cafcc, org.springframework.boot.test.autoconfigure.web.servlet.MockMvcPrintOnlyOnFailureTestExecutionListener@3811b2d4, org.springframework.boot.test.autoconfigure.web.servlet.WebDriverTestExecutionListener@2cdde0a, org.springframework.boot.test.autoconfigure.webservices.client.MockWebServiceServerTestExecutionListener@5fe271f, org.springframework.boot.test.mock.mockito.ResetMocksTestExecutionListener@776e0aa3]

  .   ____          _            __ _ _
 /\\ / ___'_ __ _ _(_)_ __  __ _ \ \ \ \
( ( )\___ | '_ | '_| | '_ \/ _` | \ \ \ \
 \\/  ___)| |_)| | | | | || (_| |  ) ) ) )
  '  |____| .__|_| |_|_| |_\__, | / / / /
 =========|_|==============|___/=/_/_/_/
 :: Spring Boot ::                (v2.4.1)

2021-07-07 17:07:52.076  INFO 4060 --- [    Test worker] c.j.b.s.web.HelloControllerTest          : Starting HelloControllerTest using Java 11.0.10 on DESKTOP-G2NL9EB with PID 4060 (started by cr707 in C:\Users\cr707\study\freelec-springboot2-webservice)
2021-07-07 17:07:52.078  INFO 4060 --- [    Test worker] c.j.b.s.web.HelloControllerTest          : No active profile set, falling back to default profiles: default
2021-07-07 17:07:52.640  INFO 4060 --- [    Test worker] o.s.s.concurrent.ThreadPoolTaskExecutor  : Initializing ExecutorService 'applicationTaskExecutor'
2021-07-07 17:07:52.689  INFO 4060 --- [    Test worker] o.s.b.a.w.s.WelcomePageHandlerMapping    : Adding welcome page template: index
2021-07-07 17:07:53.142  INFO 4060 --- [    Test worker] o.s.s.web.DefaultSecurityFilterChain     : Will secure any request with [org.springframework.security.web.context.request.async.WebAsyncManagerIntegrationFilter@22ce9585, org.springframework.security.web.context.SecurityContextPersistenceFilter@3fb2f7bb, org.springframework.security.web.header.HeaderWriterFilter@24d798c8, org.springframework.security.web.csrf.CsrfFilter@764f7cd5, org.springframework.security.web.authentication.logout.LogoutFilter@4be7cfeb, org.springframework.security.oauth2.client.web.OAuth2AuthorizationRequestRedirectFilter@605fa990, org.springframework.security.oauth2.client.web.OAuth2AuthorizationRequestRedirectFilter@7dadec68, org.springframework.security.oauth2.client.web.OAuth2LoginAuthenticationFilter@34bdc530, org.springframework.security.web.authentication.ui.DefaultLoginPageGeneratingFilter@44ff1d39, org.springframework.security.web.authentication.ui.DefaultLogoutPageGeneratingFilter@679b673f, org.springframework.security.web.savedrequest.RequestCacheAwareFilter@9f0ccf2, org.springframework.security.web.servletapi.SecurityContextHolderAwareRequestFilter@117904dc, org.springframework.security.web.authentication.AnonymousAuthenticationFilter@ee48a27, org.springframework.security.oauth2.client.web.OAuth2AuthorizationCodeGrantFilter@b7276ed, org.springframework.security.web.session.SessionManagementFilter@1dbdeeda, org.springframework.security.web.access.ExceptionTranslationFilter@29f3f0f7, org.springframework.security.web.access.intercept.FilterSecurityInterceptor@30027c50]
2021-07-07 17:07:53.252  INFO 4060 --- [    Test worker] o.s.b.t.m.w.SpringBootMockServletContext : Initializing Spring TestDispatcherServlet ''
2021-07-07 17:07:53.252  INFO 4060 --- [    Test worker] o.s.t.web.servlet.TestDispatcherServlet  : Initializing Servlet ''
2021-07-07 17:07:53.253  INFO 4060 --- [    Test worker] o.s.t.web.servlet.TestDispatcherServlet  : Completed initialization in 0 ms
2021-07-07 17:07:53.279  INFO 4060 --- [    Test worker] c.j.b.s.web.HelloControllerTest          : Started HelloControllerTest in 1.241 seconds (JVM running for 16.811)
]]></system-out>
  <system-err><![CDATA[]]></system-err>
</testsuite>
